<?xml version="1.0" encoding="UTF-8"?>
<testng-results skipped="0" failed="0" ignored="4" total="5" passed="1">
  <reporter-output>
  </reporter-output>
  <suite name="Regression Suite" duration-ms="7551" started-at="2019-06-16T18:33:30Z" finished-at="2019-06-16T18:33:37Z">
    <groups>
      <group name="regression">
        <method signature="LoginPageTest.negativeLogin()[pri:0, instance:com.syntax.testcases.LoginPageTest@6eebc39e]" name="negativeLogin" class="com.syntax.testcases.LoginPageTest"/>
      </group> <!-- regression -->
    </groups>
    <test name="Regression Test" duration-ms="7551" started-at="2019-06-16T18:33:30Z" finished-at="2019-06-16T18:33:37Z">
      <class name="com.syntax.testcases.LoginPageTest">
        <test-method status="PASS" signature="setUp()[pri:0, instance:com.syntax.testcases.LoginPageTest@6eebc39e]" name="setUp" is-config="true" duration-ms="4004" started-at="2019-06-16T18:33:30Z" finished-at="2019-06-16T18:33:34Z">
          <reporter-output>
          </reporter-output>
        </test-method> <!-- setUp -->
        <test-method status="PASS" signature="negativeLogin()[pri:0, instance:com.syntax.testcases.LoginPageTest@6eebc39e]" name="negativeLogin" duration-ms="2192" started-at="2019-06-16T18:33:34Z" finished-at="2019-06-16T18:33:36Z">
          <reporter-output>
          </reporter-output>
        </test-method> <!-- negativeLogin -->
        <test-method status="PASS" signature="tearDown()[pri:0, instance:com.syntax.testcases.LoginPageTest@6eebc39e]" name="tearDown" is-config="true" duration-ms="162" started-at="2019-06-16T18:33:36Z" finished-at="2019-06-16T18:33:36Z">
          <reporter-output>
          </reporter-output>
        </test-method> <!-- tearDown -->
      </class> <!-- com.syntax.testcases.LoginPageTest -->
      <class name="com.syntax.testcases.AddEmployeePageTest">
        <test-method status="PASS" signature="generateReport()[pri:0, instance:com.syntax.testcases.AddEmployeePageTest@204f30ec]" name="generateReport" is-config="true" duration-ms="279" started-at="2019-06-16T18:33:30Z" finished-at="2019-06-16T18:33:30Z">
          <reporter-output>
          </reporter-output>
        </test-method> <!-- generateReport -->
        <test-method status="PASS" signature="flushReport()[pri:0, instance:com.syntax.testcases.AddEmployeePageTest@204f30ec]" name="flushReport" is-config="true" duration-ms="888" started-at="2019-06-16T18:33:36Z" finished-at="2019-06-16T18:33:37Z">
          <reporter-output>
          </reporter-output>
        </test-method> <!-- flushReport -->
      </class> <!-- com.syntax.testcases.AddEmployeePageTest -->
    </test> <!-- Regression Test -->
  </suite> <!-- Regression Suite -->
</testng-results>
