<?xml version="1.0" encoding="UTF-8"?>
<testng-results skipped="0" failed="0" ignored="0" total="1" passed="1">
  <reporter-output>
  </reporter-output>
  <suite name="Default suite" duration-ms="20119" started-at="2019-06-09T18:13:50Z" finished-at="2019-06-09T18:14:10Z">
    <groups>
    </groups>
    <test name="Default test" duration-ms="20119" started-at="2019-06-09T18:13:50Z" finished-at="2019-06-09T18:14:10Z">
      <class name="com.syntax.testcases.AddEmployeePageTest">
        <test-method status="PASS" signature="setUpDriver()[pri:0, instance:com.syntax.testcases.AddEmployeePageTest@475530b9]" name="setUpDriver" is-config="true" duration-ms="4794" started-at="2019-06-09T18:13:50Z" finished-at="2019-06-09T18:13:55Z">
          <reporter-output>
          </reporter-output>
        </test-method> <!-- setUpDriver -->
        <test-method status="PASS" signature="addEmployee()[pri:0, instance:com.syntax.testcases.AddEmployeePageTest@475530b9]" name="addEmployee" duration-ms="15118" started-at="2019-06-09T18:13:55Z" finished-at="2019-06-09T18:14:10Z">
          <reporter-output>
          </reporter-output>
        </test-method> <!-- addEmployee -->
        <test-method status="PASS" signature="tearDown()[pri:0, instance:com.syntax.testcases.AddEmployeePageTest@475530b9]" name="tearDown" is-config="true" duration-ms="142" started-at="2019-06-09T18:14:10Z" finished-at="2019-06-09T18:14:10Z">
          <reporter-output>
          </reporter-output>
        </test-method> <!-- tearDown -->
      </class> <!-- com.syntax.testcases.AddEmployeePageTest -->
    </test> <!-- Default test -->
  </suite> <!-- Default suite -->
</testng-results>
